{"log":
 [{"message":
   ".> LEAN_PATH=/Users/richardzandi/kleene2/.lake/packages/Cli/.lake/build/lib/lean:/Users/richardzandi/kleene2/.lake/packages/batteries/.lake/build/lib/lean:/Users/richardzandi/kleene2/.lake/packages/Qq/.lake/build/lib/lean:/Users/richardzandi/kleene2/.lake/packages/aesop/.lake/build/lib/lean:/Users/richardzandi/kleene2/.lake/packages/proofwidgets/.lake/build/lib/lean:/Users/richardzandi/kleene2/.lake/packages/importGraph/.lake/build/lib/lean:/Users/richardzandi/kleene2/.lake/packages/LeanSearchClient/.lake/build/lib/lean:/Users/richardzandi/kleene2/.lake/packages/plausible/.lake/build/lib/lean:/Users/richardzandi/kleene2/.lake/packages/mathlib/.lake/build/lib/lean:/Users/richardzandi/kleene2/.lake/packages/godelnumbering/.lake/build/lib/lean:/Users/richardzandi/kleene2/.lake/build/lib/lean /Users/richardzandi/.elan/toolchains/leanprover--lean4---v4.20.0/bin/lean -DautoImplicit=false /Users/richardzandi/kleene2/Kleene2/Kleene2.lean -R /Users/richardzandi/kleene2 -o /Users/richardzandi/kleene2/.lake/build/lib/lean/Kleene2/Kleene2.olean -i /Users/richardzandi/kleene2/.lake/build/lib/lean/Kleene2/Kleene2.ilean -c /Users/richardzandi/kleene2/.lake/build/ir/Kleene2/Kleene2.c --json",
   "level": "trace"},
  {"message":
   "/Users/richardzandi/kleene2/Kleene2/Kleene2.lean:119:0: -- Found 0 errors in 1 declarations (plus 2 automatically generated ones) in the current file with 15 linters\n\n\n-- All linting checks passed!",
   "level": "info"}],
 "inputs":
 [["Kleene2.Kleene2:deps",
   [["deps",
     [["Kleene2/Kleene2:extraDep", [["@Kleene2:extraDep", "1723"]]],
      ["import oleans",
       [["Mathlib.Computability.Partrec:olean",
         [["Mathlib.Computability.Partrec:deps", "15206199932306137051"],
          ["/Users/richardzandi/kleene2/.lake/packages/mathlib/.lake/build/lib/lean/Mathlib/Computability/Partrec.olean",
           "10729924847994132739"]]],
        ["Mathlib.Computability.PartrecCode:olean",
         [["Mathlib.Computability.PartrecCode:deps", "11606261439754175653"],
          ["/Users/richardzandi/kleene2/.lake/packages/mathlib/.lake/build/lib/lean/Mathlib/Computability/PartrecCode.olean",
           "14567505937562371066"]]],
        ["Mathlib.Logic.Encodable.Basic:olean",
         [["Mathlib.Logic.Encodable.Basic:deps", "6166027375252015183"],
          ["/Users/richardzandi/kleene2/.lake/packages/mathlib/.lake/build/lib/lean/Mathlib/Logic/Encodable/Basic.olean",
           "7053102986929655830"]]],
        ["Kleene2.KleeneFix:olean",
         [["Kleene2.KleeneFix:deps", "2093117061109296486"],
          ["/Users/richardzandi/kleene2/.lake/build/lib/lean/Kleene2/KleeneFix.olean",
           "10223511334262028492"]]],
        ["Godelnumbering.Godel:olean",
         [["Godelnumbering.Godel:deps", "8170280542398045373"],
          ["/Users/richardzandi/kleene2/.lake/packages/godelnumbering/.lake/build/lib/lean/Godelnumbering/Godel.olean",
           "7728924750064277451"]]],
        ["Godelnumbering.Instances:olean",
         [["Godelnumbering.Instances:deps", "6370329768242327016"],
          ["/Users/richardzandi/kleene2/.lake/packages/godelnumbering/.lake/build/lib/lean/Godelnumbering/Instances.olean",
           "12455459510064064759"]]],
        ["Godelnumbering.Transport:olean",
         [["Godelnumbering.Transport:deps", "5112432756966874172"],
          ["/Users/richardzandi/kleene2/.lake/packages/godelnumbering/.lake/build/lib/lean/Godelnumbering/Transport.olean",
           "13810861920499278978"]]]]]]],
    ["libs",
     [["import dynlibs", "1723"],
      ["package external libraries", "1723"],
      ["module dynlibs", "1723"],
      ["module plugins", "1723"]]]]],
  ["Lean 4.20.0, commit 77cfc4d1a4f6ef6651792b781eaa6676b4f3f060",
   "16311077432335102250"],
  ["Module.leanArgs: #[-DautoImplicit=false]", "9493458992184788043"],
  ["/Users/richardzandi/kleene2/Kleene2/Kleene2.lean", "14261556905528873401"]],
 "depHash": "4541573288060539810"}